<?xml version="1.0" encoding="UTF-8"?>
<!-- Generated by org.testng.reporters.JUnitReportReporter -->
<testsuite hostname="Lakhan" failures="0" tests="1" name="demo.DataProvider" time="12.995" errors="0" timestamp="2023-07-07T11:09:12 IST" skipped="0">
  <testcase classname="demo.DataProvider" name="loginHRM" time="12.995"/>
  <system-out/>
</testsuite> <!-- demo.DataProvider -->
